<?xml version="1.0" encoding="UTF-8"?>
<!-- Generated by org.testng.reporters.JUnitReportReporter -->
<testsuite hostname="Naresh" name="TestSuite.BfGfVtChildren" tests="1" failures="0" timestamp="26 Jan 2016 16:50:31 GMT" time="12.889" errors="0">
  <testcase name="BfGfVtChildren1" time="12.889" classname="TestSuite.BfGfVtChildren"/>
</testsuite> <!-- TestSuite.BfGfVtChildren -->
