<?xml version="1.0" encoding="UTF-8"?>
<!-- Generated by org.testng.reporters.JUnitReportReporter -->
<testsuite hostname="Naresh" name="TestSuite.CoupleWithParents_ChildrenAndSiblings" tests="1" failures="0" timestamp="26 Jan 2016 17:03:03 GMT" time="31.766" errors="0">
  <testcase name="CoupleWithParents_ChildrenAndSiblings1" time="31.766" classname="TestSuite.CoupleWithParents_ChildrenAndSiblings"/>
</testsuite> <!-- TestSuite.CoupleWithParents_ChildrenAndSiblings -->
