<?xml version="1.0" encoding="UTF-8"?>
<!-- Generated by org.testng.reporters.JUnitReportReporter -->
<testsuite hostname="Naresh" name="TestSuite.FatherVtChild" tests="1" failures="0" timestamp="26 Jan 2016 17:07:30 GMT" time="8.794" errors="0">
  <testcase name="FatherVtChild1" time="8.794" classname="TestSuite.FatherVtChild"/>
</testsuite> <!-- TestSuite.FatherVtChild -->
