<?xml version="1.0" encoding="UTF-8"?>
<!-- Generated by org.testng.reporters.JUnitReportReporter -->
<testsuite hostname="Naresh" name="TestSuite.CoupleVtDaughter" tests="2" failures="0" timestamp="26 Jan 2016 17:01:28 GMT" time="20.914" errors="0">
  <testcase name="CoupleVtDaughter1" time="10.351" classname="TestSuite.CoupleVtDaughter"/>
  <testcase name="CoupleVtDaughter1" time="10.563" classname="TestSuite.CoupleVtDaughter"/>
</testsuite> <!-- TestSuite.CoupleVtDaughter -->
