<?xml version="1.0" encoding="UTF-8"?>
<!-- Generated by org.testng.reporters.JUnitReportReporter -->
<testsuite hostname="Naresh" name="TestSuite.MotherVtDaughter" tests="1" failures="0" timestamp="8 Jan 2016 20:00:38 GMT" time="8.499" errors="0">
  <testcase name="MotherVtDaughter1" time="8.499" classname="TestSuite.MotherVtDaughter"/>
</testsuite> <!-- TestSuite.MotherVtDaughter -->
