<?xml version="1.0" encoding="UTF-8"?>
<!-- Generated by org.testng.reporters.JUnitReportReporter -->
<testsuite hostname="Naresh" name="TestSuite.MotherVtMedicare_Daughter" tests="1" failures="0" timestamp="8 Jan 2016 20:01:47 GMT" time="15.327" errors="0">
  <testcase name="MotherVtMedicare_Daughter1" time="15.327" classname="TestSuite.MotherVtMedicare_Daughter"/>
</testsuite> <!-- TestSuite.MotherVtMedicare_Daughter -->
