<?xml version="1.0" encoding="UTF-8"?>
<!-- Generated by org.testng.reporters.JUnitReportReporter -->
<testsuite hostname="Naresh" name="TestSuite.GrannyVtDaughter_GrandDaughter" tests="1" failures="0" timestamp="26 Jan 2016 17:09:30 GMT" time="9.717" errors="0">
  <testcase name="GrannyVtDaughter_GrandDaughter1" time="9.717" classname="TestSuite.GrannyVtDaughter_GrandDaughter"/>
</testsuite> <!-- TestSuite.GrannyVtDaughter_GrandDaughter -->
