<?xml version="1.0" encoding="UTF-8"?>
<!-- Generated by org.testng.reporters.JUnitReportReporter -->
<testsuite hostname="Naresh" name="TestSuite.CoupleVtChildren_HubbysSiblings" tests="1" failures="0" timestamp="26 Jan 2016 16:57:14 GMT" time="14.911" errors="0">
  <testcase name="CoupleVtChildren_HubbysSiblings1" time="14.911" classname="TestSuite.CoupleVtChildren_HubbysSiblings"/>
</testsuite> <!-- TestSuite.CoupleVtChildren_HubbysSiblings -->
