<?xml version="1.0" encoding="UTF-8"?>
<!-- Generated by org.testng.reporters.JUnitReportReporter -->
<testsuite hostname="Naresh" name="TestSuite.Medicaid_Refugees_MarriedCoupleVtChild" tests="1" failures="0" timestamp="26 Jan 2016 17:10:15 GMT" time="10.978" errors="0">
  <testcase name="Medicaid_Refugees_MarriedCoupleVtChild1" time="10.978" classname="TestSuite.Medicaid_Refugees_MarriedCoupleVtChild"/>
</testsuite> <!-- TestSuite.Medicaid_Refugees_MarriedCoupleVtChild -->
