<?xml version="1.0" encoding="UTF-8"?>
<!-- Generated by org.testng.reporters.JUnitReportReporter -->
<testsuite hostname="Naresh" name="TestSuite.CoupleVt2Children_1ChildLivingSeperately" tests="1" failures="0" timestamp="26 Jan 2016 16:56:16 GMT" time="11.375" errors="0">
  <testcase name="CoupleVt2Children_1ChildLivingSeperately1" time="11.375" classname="TestSuite.CoupleVt2Children_1ChildLivingSeperately"/>
</testsuite> <!-- TestSuite.CoupleVt2Children_1ChildLivingSeperately -->
