<?xml version="1.0" encoding="UTF-8"?>
<!-- Generated by org.testng.reporters.JUnitReportReporter -->
<testsuite hostname="Naresh" name="TestSuite.OneAdultWithChild" tests="1" failures="0" timestamp="8 Jan 2016 20:02:47 GMT" time="8.995" errors="0">
  <testcase name="OneAdultWithChild1" time="8.995" classname="TestSuite.OneAdultWithChild"/>
</testsuite> <!-- TestSuite.OneAdultWithChild -->
