<?xml version="1.0" encoding="UTF-8"?>
<!-- Generated by org.testng.reporters.JUnitReportReporter -->
<testsuite hostname="Naresh" name="TestSuite.ChildlessAdult_IncomeUnderMedicaid_HavingMEC" tests="1" failures="0" timestamp="26 Jan 2016 16:54:22 GMT" time="8.211" errors="0">
  <testcase name="ChildlessAdult_IncomeUnderMedicaid_HavingMEC1" time="8.211" classname="TestSuite.ChildlessAdult_IncomeUnderMedicaid_HavingMEC"/>
</testsuite> <!-- TestSuite.ChildlessAdult_IncomeUnderMedicaid_HavingMEC -->
