<?xml version="1.0" encoding="UTF-8"?>
<!-- Generated by org.testng.reporters.JUnitReportReporter -->
<testsuite hostname="Naresh" name="TestSuite.CoupleLivingSeperately_ChildOutOfDC" tests="1" failures="0" timestamp="26 Jan 2016 16:55:25 GMT" time="12.405" errors="0">
  <testcase name="CoupleLivingSeperately_ChildOutOfDC1" time="12.405" classname="TestSuite.CoupleLivingSeperately_ChildOutOfDC"/>
</testsuite> <!-- TestSuite.CoupleLivingSeperately_ChildOutOfDC -->
