<?xml version="1.0" encoding="UTF-8"?>
<!-- Generated by org.testng.reporters.JUnitReportReporter -->
<testsuite hostname="Naresh" name="TestSuite.PregnantWomanVtChild" tests="1" failures="0" timestamp="8 Jan 2016 20:03:53 GMT" time="10.052" errors="0">
  <testcase name="PregnantWomanVtChild1" time="10.052" classname="TestSuite.PregnantWomanVtChild"/>
</testsuite> <!-- TestSuite.PregnantWomanVtChild -->
