<?xml version="1.0" encoding="UTF-8"?>
<!-- Generated by org.testng.reporters.JUnitReportReporter -->
<testsuite hostname="Naresh" name="TestSuite.GrandChildrenVtGranny" tests="1" failures="0" timestamp="26 Jan 2016 17:08:03 GMT" time="11.308" errors="0">
  <testcase name="GrandChildrenVtGranny1" time="11.308" classname="TestSuite.GrandChildrenVtGranny"/>
</testsuite> <!-- TestSuite.GrandChildrenVtGranny -->
