<?xml version="1.0" encoding="UTF-8"?>
<!-- Generated by org.testng.reporters.JUnitReportReporter -->
<testsuite hostname="Naresh" name="TestSuite.BfGfVtChildren_GfHavingMEC" tests="1" failures="0" timestamp="8 Feb 2016 20:32:49 GMT" time="14.958" errors="0">
  <testcase name="BfGfVtChildren_GfHavingMEC1" time="14.958" classname="TestSuite.BfGfVtChildren_GfHavingMEC"/>
</testsuite> <!-- TestSuite.BfGfVtChildren_GfHavingMEC -->
