<?xml version="1.0" encoding="UTF-8"?>
<!-- Generated by org.testng.reporters.JUnitReportReporter -->
<testsuite hostname="Naresh" name="TestSuite.Couple_65plusAge_OneEarning" tests="1" failures="0" timestamp="26 Jan 2016 16:54:52 GMT" time="8.785" errors="0">
  <testcase name="Couple_65plusAge_OneEarning1" time="8.785" classname="TestSuite.Couple_65plusAge_OneEarning"/>
</testsuite> <!-- TestSuite.Couple_65plusAge_OneEarning -->
