<?xml version="1.0" encoding="UTF-8"?>
<!-- Generated by org.testng.reporters.JUnitReportReporter -->
<testsuite hostname="Naresh" name="TestSuite.MotherVtChild" tests="1" failures="0" timestamp="8 Jan 2016 19:58:55 GMT" time="8.837" errors="0">
  <testcase name="MotherVtChild1" time="8.837" classname="TestSuite.MotherVtChild"/>
</testsuite> <!-- TestSuite.MotherVtChild -->
