<?xml version="1.0" encoding="UTF-8"?>
<!-- Generated by org.testng.reporters.JUnitReportReporter -->
<testsuite hostname="Naresh" name="TestSuite.FatherVt2Children" tests="1" failures="0" timestamp="26 Jan 2016 17:06:37 GMT" time="9.895" errors="0">
  <testcase name="FatherVt2Children1" time="9.895" classname="TestSuite.FatherVt2Children"/>
</testsuite> <!-- TestSuite.FatherVt2Children -->
