<?xml version="1.0" encoding="UTF-8"?>
<!-- Generated by org.testng.reporters.JUnitReportReporter -->
<testsuite hostname="Naresh" name="TestSuite.Eligibility" tests="1" failures="0" timestamp="18 Nov 2015 20:54:11 GMT" time="9.936" errors="0">
  <testcase name="testcase1" time="9.936" classname="TestSuite.Eligibility"/>
</testsuite> <!-- TestSuite.Eligibility -->
