<?xml version="1.0" encoding="UTF-8"?>
<!-- Generated by org.testng.reporters.JUnitReportReporter -->
<testsuite hostname="Naresh" name="TestSuite.Refugees_MotherWithChild" tests="1" failures="0" timestamp="2 Feb 2016 21:08:07 GMT" time="37.365" errors="0">
  <testcase name="Refugees_MotherWithChild1" time="37.365" classname="TestSuite.Refugees_MotherWithChild"/>
</testsuite> <!-- TestSuite.Refugees_MotherWithChild -->
